                                 Started job on |	Oct 15 17:01:45
                             Started mapping on |	Oct 15 17:01:45
                                    Finished on |	Oct 15 18:12:27
       Mapping speed, Million of reads per hour |	24.75

                          Number of input reads |	29169013
                      Average input read length |	299
                                    UNIQUE READS:
                   Uniquely mapped reads number |	0
                        Uniquely mapped reads % |	0.00%
                          Average mapped length |	0.00
                       Number of splices: Total |	0
            Number of splices: Annotated (sjdb) |	0
                       Number of splices: GT/AG |	0
                       Number of splices: GC/AG |	0
                       Number of splices: AT/AC |	0
               Number of splices: Non-canonical |	0
                      Mismatch rate per base, % |	-nan%
                         Deletion rate per base |	0.00%
                        Deletion average length |	0.00
                        Insertion rate per base |	0.00%
                       Insertion average length |	0.00
                             MULTI-MAPPING READS:
        Number of reads mapped to multiple loci |	13
             % of reads mapped to multiple loci |	0.00%
        Number of reads mapped to too many loci |	5
             % of reads mapped to too many loci |	0.00%
                                  UNMAPPED READS:
  Number of reads unmapped: too many mismatches |	0
       % of reads unmapped: too many mismatches |	0.00%
            Number of reads unmapped: too short |	5719474
                 % of reads unmapped: too short |	19.61%
                Number of reads unmapped: other |	23449521
                     % of reads unmapped: other |	80.39%
                                  CHIMERIC READS:
                       Number of chimeric reads |	0
                            % of chimeric reads |	0.00%
