                                 Started job on |	Oct 15 17:01:37
                             Started mapping on |	Oct 15 17:01:37
                                    Finished on |	Oct 15 17:04:18
       Mapping speed, Million of reads per hour |	17.17

                          Number of input reads |	767924
                      Average input read length |	291
                                    UNIQUE READS:
                   Uniquely mapped reads number |	8643
                        Uniquely mapped reads % |	1.13%
                          Average mapped length |	281.26
                       Number of splices: Total |	14
            Number of splices: Annotated (sjdb) |	0
                       Number of splices: GT/AG |	1
                       Number of splices: GC/AG |	0
                       Number of splices: AT/AC |	0
               Number of splices: Non-canonical |	13
                      Mismatch rate per base, % |	0.50%
                         Deletion rate per base |	0.00%
                        Deletion average length |	1.20
                        Insertion rate per base |	0.00%
                       Insertion average length |	1.10
                             MULTI-MAPPING READS:
        Number of reads mapped to multiple loci |	597
             % of reads mapped to multiple loci |	0.08%
        Number of reads mapped to too many loci |	2019
             % of reads mapped to too many loci |	0.26%
                                  UNMAPPED READS:
  Number of reads unmapped: too many mismatches |	0
       % of reads unmapped: too many mismatches |	0.00%
            Number of reads unmapped: too short |	23111
                 % of reads unmapped: too short |	3.01%
                Number of reads unmapped: other |	733554
                     % of reads unmapped: other |	95.52%
                                  CHIMERIC READS:
                       Number of chimeric reads |	0
                            % of chimeric reads |	0.00%
