Oct 14 10:20:14 ..... started STAR run
Oct 14 10:20:14 ..... loading genome

EXITING because of FATAL ERROR: could not open genome file Drosophila_melanogaster.BDGP6.22.ncrna.STAR_2.7.1a.2nd/genomeParameters.txt
SOLUTION: check that the path to genome files, specified in --genomeDir is correct and the files are present, and have user read permsissions

Oct 14 10:20:14 ...... FATAL ERROR, exiting
Command exited with non-zero status 105
	Command being timed: "STAR --runThreadN 7 --runMode alignReads --outFilterMultimapNmax 3 --outSAMunmapped Within KeepPairs --alignIntronMax 1000000 --alignMatesGapMax 1000000 --readFilesCommand zcat --readFilesIn /projects/bgmp/shared/2019_Drosphila_RNAseq/RAL306W-F3_S79_L006_R1_001.fastq.gz RAL306W-F3_S79_L006_R2_001.fastq.gz --genomeDir Drosophila_melanogaster.BDGP6.22.ncrna.STAR_2.7.1a.2nd --outFileNamePrefix aligned_RAL306W-F3_S79_L006 --genomeSAindexNbases 4"
	User time (seconds): 0.00
	System time (seconds): 0.00
	Percent of CPU this job got: 44%
	Elapsed (wall clock) time (h:mm:ss or m:ss): 0:00.02
	Average shared text size (kbytes): 0
	Average unshared data size (kbytes): 0
	Average stack size (kbytes): 0
	Average total size (kbytes): 0
	Maximum resident set size (kbytes): 1480
	Average resident set size (kbytes): 0
	Major (requiring I/O) page faults: 0
	Minor (reclaiming a frame) page faults: 2392
	Voluntary context switches: 61
	Involuntary context switches: 5
	Swaps: 0
	File system inputs: 0
	File system outputs: 0
	Socket messages sent: 0
	Socket messages received: 0
	Signals delivered: 0
	Page size (bytes): 4096
	Exit status: 105
