Oct 14 11:23:31 ..... started STAR run
Oct 14 11:23:31 ... starting to generate Genome files
Oct 14 11:23:34 ... starting to sort Suffix Array. This may take a long time...
Oct 14 11:23:36 ... sorting Suffix Array chunks and saving them to disk...
Oct 14 11:23:38 ... loading chunks from disk, packing SA...
Oct 14 11:23:39 ... finished generating suffix array
Oct 14 11:23:39 ... generating Suffix Array index
Oct 14 11:23:39 ... completed Suffix Array index
Oct 14 11:23:39 ... writing Genome to disk ...
Oct 14 11:23:39 ... writing Suffix Array to disk ...
Oct 14 11:23:39 ... writing SAindex to disk
Oct 14 11:23:39 ..... finished successfully
	Command being timed: "STAR --runThreadN 7 --runMode genomeGenerate --genomeDir /home/gperez8/bgmp/projects/bgmp/gperez8/Bi624/Drosophila_melanogaster.BDGP6.22.ncrna.STAR_2.7.1a --genomeFastaFiles /home/gperez8/bgmp/projects/bgmp/gperez8/Bi624/Drosophila_melanogaster.BDGP6.22.ncrna.fa --genomeSAindexNbases 4"
	User time (seconds): 18.28
	System time (seconds): 0.68
	Percent of CPU this job got: 228%
	Elapsed (wall clock) time (h:mm:ss or m:ss): 0:08.29
	Average shared text size (kbytes): 0
	Average unshared data size (kbytes): 0
	Average stack size (kbytes): 0
	Average total size (kbytes): 0
	Maximum resident set size (kbytes): 2116096
	Average resident set size (kbytes): 0
	Major (requiring I/O) page faults: 0
	Minor (reclaiming a frame) page faults: 12596
	Voluntary context switches: 699
	Involuntary context switches: 25
	Swaps: 0
	File system inputs: 0
	File system outputs: 0
	Socket messages sent: 0
	Socket messages received: 0
	Signals delivered: 0
	Page size (bytes): 4096
	Exit status: 0
