Collecting package metadata (current_repodata.json): ...working... done
Solving environment: ...working... done

# All requested packages already installed.

This is cutadapt 1.18 with Python 3.7.3
Command line parameters: -a ^AGATCGGAAGAGCACACGTCTGAACTCCAGTCA...AGATCGGAAGAGCGTCGTGTAGGGAAAGAGTGT -o RAL306W-F3_S79_L006_R1_001.fastq.gz /projects/bgmp/shared/2019_Drosphila_RNAseq/RAL306W-F3_S79_L006_R1_001.fastq.gz
Processing reads on 1 core in single-end mode ...
Finished in 31.93 s (28 us/read; 2.17 M reads/minute).

=== Summary ===

Total reads processed:               1,153,925
Reads with adapters:                   385,738 (33.4%)
Reads written (passing filters):     1,153,925 (100.0%)

Total basepairs processed:   174,242,675 bp
Total written (filtered):    161,869,070 bp (92.9%)

=== Adapter 2 ===

Sequence: AGATCGGAAGAGCACACGTCTGAACTCCAGTCA...AGATCGGAAGAGCGTCGTGTAGGGAAAGAGTGT; Type: linked; Length: 33+33; 5' trimmed: 385738 times; 3' trimmed: 18248 times

No. of allowed errors:
0-9 bp: 0; 10-19 bp: 1; 20-29 bp: 2; 30-33 bp: 3

No. of allowed errors:
0-9 bp: 0; 10-19 bp: 1; 20-29 bp: 2; 30-33 bp: 3

Overview of removed sequences at 5' end
length	count	expect	max.err	error counts
30	980	0.0	3	0 0 0 980
31	29245	0.0	3	0 0 28536 709
32	354357	0.0	3	0 345841 8312 204
33	1141	0.0	3	109 23 988 21
34	15	0.0	3	0 3 0 12


Overview of removed sequences at 3' end
length	count	expect	max.err	error counts
3	16315	18030.1	0	16315
4	1059	4507.5	0	1059
5	338	1126.9	0	338
6	92	281.7	0	92
7	58	70.4	0	58
8	33	17.6	0	33
9	65	4.4	0	53 12
10	87	1.1	1	37 50
11	73	0.3	1	29 44
12	48	0.1	1	27 21
13	47	0.0	1	29 18
14	30	0.0	1	0 30
15	2	0.0	1	0 2
35	1	0.0	3	0 0 1

	Command being timed: "cutadapt -a ^AGATCGGAAGAGCACACGTCTGAACTCCAGTCA...AGATCGGAAGAGCGTCGTGTAGGGAAAGAGTGT -o RAL306W-F3_S79_L006_R1_001.fastq.gz /projects/bgmp/shared/2019_Drosphila_RNAseq/RAL306W-F3_S79_L006_R1_001.fastq.gz"
	User time (seconds): 31.22
	System time (seconds): 0.52
	Percent of CPU this job got: 99%
	Elapsed (wall clock) time (h:mm:ss or m:ss): 0:32.03
	Average shared text size (kbytes): 0
	Average unshared data size (kbytes): 0
	Average stack size (kbytes): 0
	Average total size (kbytes): 0
	Maximum resident set size (kbytes): 15828
	Average resident set size (kbytes): 0
	Major (requiring I/O) page faults: 0
	Minor (reclaiming a frame) page faults: 9798
	Voluntary context switches: 88510
	Involuntary context switches: 49
	Swaps: 0
	File system inputs: 0
	File system outputs: 0
	Socket messages sent: 0
	Socket messages received: 0
	Signals delivered: 0
	Page size (bytes): 4096
	Exit status: 0
This is cutadapt 1.18 with Python 3.7.3
Command line parameters: -a ^AGATCGGAAGAGCACACGTCTGAACTCCAGTCA...AGATCGGAAGAGCGTCGTGTAGGGAAAGAGTGT -o RAL306W-F3_S79_L006_R1_002.fastq.gz /projects/bgmp/shared/2019_Drosphila_RNAseq/RAL306W-F3_S79_L006_R2_001.fastq.gz
Processing reads on 1 core in single-end mode ...
Finished in 27.99 s (24 us/read; 2.47 M reads/minute).

=== Summary ===

Total reads processed:               1,153,925
Reads with adapters:                         0 (0.0%)
Reads written (passing filters):     1,153,925 (100.0%)

Total basepairs processed:   174,242,675 bp
Total written (filtered):    174,242,675 bp (100.0%)

=== Adapter 2 ===

Sequence: AGATCGGAAGAGCACACGTCTGAACTCCAGTCA...AGATCGGAAGAGCGTCGTGTAGGGAAAGAGTGT; Type: linked; Length: 33+33; 5' trimmed: 0 times; 3' trimmed: 0 times

	Command being timed: "cutadapt -a ^AGATCGGAAGAGCACACGTCTGAACTCCAGTCA...AGATCGGAAGAGCGTCGTGTAGGGAAAGAGTGT -o RAL306W-F3_S79_L006_R1_002.fastq.gz /projects/bgmp/shared/2019_Drosphila_RNAseq/RAL306W-F3_S79_L006_R2_001.fastq.gz"
	User time (seconds): 27.29
	System time (seconds): 0.52
	Percent of CPU this job got: 99%
	Elapsed (wall clock) time (h:mm:ss or m:ss): 0:28.05
	Average shared text size (kbytes): 0
	Average unshared data size (kbytes): 0
	Average stack size (kbytes): 0
	Average total size (kbytes): 0
	Maximum resident set size (kbytes): 15784
	Average resident set size (kbytes): 0
	Major (requiring I/O) page faults: 0
	Minor (reclaiming a frame) page faults: 9449
	Voluntary context switches: 88438
	Involuntary context switches: 46
	Swaps: 0
	File system inputs: 0
	File system outputs: 0
	Socket messages sent: 0
	Socket messages received: 0
	Signals delivered: 0
	Page size (bytes): 4096
	Exit status: 0
This is cutadapt 1.18 with Python 3.7.3
Command line parameters: -a ^AGATCGGAAGAGCACACGTCTGAACTCCAGTCA...AGATCGGAAGAGCGTCGTGTAGGGAAAGAGTGT -o RAL306W_plus_M3_S78_L006_R1_001.fastq.gz /projects/bgmp/shared/2019_Drosphila_RNAseq/RAL306W_plus_M3_S78_L006_R1_001.fastq.gz
Processing reads on 1 core in single-end mode ...
Finished in 847.12 s (27 us/read; 2.19 M reads/minute).

=== Summary ===

Total reads processed:              30,943,940
Reads with adapters:                 1,771,305 (5.7%)
Reads written (passing filters):    30,943,940 (100.0%)

Total basepairs processed: 4,672,534,940 bp
Total written (filtered):  4,615,647,380 bp (98.8%)

=== Adapter 2 ===

Sequence: AGATCGGAAGAGCACACGTCTGAACTCCAGTCA...AGATCGGAAGAGCGTCGTGTAGGGAAAGAGTGT; Type: linked; Length: 33+33; 5' trimmed: 1771305 times; 3' trimmed: 92148 times

No. of allowed errors:
0-9 bp: 0; 10-19 bp: 1; 20-29 bp: 2; 30-33 bp: 3

No. of allowed errors:
0-9 bp: 0; 10-19 bp: 1; 20-29 bp: 2; 30-33 bp: 3

Overview of removed sequences at 5' end
length	count	expect	max.err	error counts
30	4280	0.0	3	0 0 0 4280
31	94403	0.0	3	0 0 92368 2035
32	1666095	0.0	3	0 1631457 33719 919
33	5680	0.0	3	81 40 5431 128
34	835	0.0	3	0 39 2 794
35	5	0.0	3	0 0 5
36	7	0.0	3	0 0 0 7


Overview of removed sequences at 3' end
length	count	expect	max.err	error counts
3	83049	483499.1	0	83049
4	5106	120874.8	0	5106
5	1448	30218.7	0	1448
6	456	7554.7	0	456
7	286	1888.7	0	286
8	203	472.2	0	203
9	273	118.0	0	191 82
10	381	29.5	1	157 224
11	318	7.4	1	149 169
12	251	1.8	1	120 131
13	225	0.5	1	120 105
14	137	0.1	1	0 137
16	2	0.0	1	0 2
35	2	0.0	3	0 1 0 1
36	6	0.0	3	0 3 3
37	1	0.0	3	0 0 0 1
48	3	0.0	3	0 0 1 2
78	1	0.0	3	0 0 1

	Command being timed: "cutadapt -a ^AGATCGGAAGAGCACACGTCTGAACTCCAGTCA...AGATCGGAAGAGCGTCGTGTAGGGAAAGAGTGT -o RAL306W_plus_M3_S78_L006_R1_001.fastq.gz /projects/bgmp/shared/2019_Drosphila_RNAseq/RAL306W_plus_M3_S78_L006_R1_001.fastq.gz"
	User time (seconds): 827.60
	System time (seconds): 14.08
	Percent of CPU this job got: 99%
	Elapsed (wall clock) time (h:mm:ss or m:ss): 14:07.18
	Average shared text size (kbytes): 0
	Average unshared data size (kbytes): 0
	Average stack size (kbytes): 0
	Average total size (kbytes): 0
	Maximum resident set size (kbytes): 15836
	Average resident set size (kbytes): 0
	Major (requiring I/O) page faults: 0
	Minor (reclaiming a frame) page faults: 13231
	Voluntary context switches: 2360420
	Involuntary context switches: 1881
	Swaps: 0
	File system inputs: 0
	File system outputs: 0
	Socket messages sent: 0
	Socket messages received: 0
	Signals delivered: 0
	Page size (bytes): 4096
	Exit status: 0
This is cutadapt 1.18 with Python 3.7.3
Command line parameters: -a ^AGATCGGAAGAGCACACGTCTGAACTCCAGTCA...AGATCGGAAGAGCGTCGTGTAGGGAAAGAGTGT -o RAL306W_plus_M3_S78_L006_R2_001.fastq.gz /projects/bgmp/shared/2019_Drosphila_RNAseq/RAL306W_plus_M3_S78_L006_R2_001.fastq.gz
Processing reads on 1 core in single-end mode ...
Finished in 929.81 s (30 us/read; 2.00 M reads/minute).

=== Summary ===

Total reads processed:              30,943,940
Reads with adapters:                         0 (0.0%)
Reads written (passing filters):    30,943,940 (100.0%)

Total basepairs processed: 4,672,534,940 bp
Total written (filtered):  4,672,534,940 bp (100.0%)

=== Adapter 2 ===

Sequence: AGATCGGAAGAGCACACGTCTGAACTCCAGTCA...AGATCGGAAGAGCGTCGTGTAGGGAAAGAGTGT; Type: linked; Length: 33+33; 5' trimmed: 0 times; 3' trimmed: 0 times

	Command being timed: "cutadapt -a ^AGATCGGAAGAGCACACGTCTGAACTCCAGTCA...AGATCGGAAGAGCGTCGTGTAGGGAAAGAGTGT -o RAL306W_plus_M3_S78_L006_R2_001.fastq.gz /projects/bgmp/shared/2019_Drosphila_RNAseq/RAL306W_plus_M3_S78_L006_R2_001.fastq.gz"
	User time (seconds): 909.84
	System time (seconds): 14.09
	Percent of CPU this job got: 99%
	Elapsed (wall clock) time (h:mm:ss or m:ss): 15:29.86
	Average shared text size (kbytes): 0
	Average unshared data size (kbytes): 0
	Average stack size (kbytes): 0
	Average total size (kbytes): 0
	Maximum resident set size (kbytes): 15780
	Average resident set size (kbytes): 0
	Major (requiring I/O) page faults: 0
	Minor (reclaiming a frame) page faults: 13112
	Voluntary context switches: 2353318
	Involuntary context switches: 34205
	Swaps: 0
	File system inputs: 0
	File system outputs: 0
	Socket messages sent: 0
	Socket messages received: 0
	Signals delivered: 0
	Page size (bytes): 4096
	Exit status: 0
