Oct 14 00:14:29 ..... started STAR run
Oct 14 00:14:29 ..... loading genome
Oct 14 00:14:30 ..... started mapping

EXITING because of FATAL ERROR in reads input: short read sequence line: 0
Read Name=@K00337:306:HC3HKBBXY:6:1101:10581:1297
Read Sequence====
DEF_readNameLengthMax=50000
DEF_readSeqLengthMax=650

Oct 14 00:14:31 ...... FATAL ERROR, exiting
Command exited with non-zero status 104
	Command being timed: "STAR --runThreadN 7 --runMode alignReads --outFilterMultimapNmax 3 --outSAMunmapped Within KeepPairs --alignIntronMax 1000000 --alignMatesGapMax 1000000 --readFilesCommand zcat --readFilesIn RAL306W-F3_S79_L006_R1_001.fastq.gz RAL306W-F3_S79_L006_R2_001.fastq.gz --genomeDir Drosophila_melanogaster.BDGP6.22.ncrna.STAR_2.7.1a --outFileNamePrefix aligned_RAL306W-F3_S79_L006"
	User time (seconds): 0.19
	System time (seconds): 1.21
	Percent of CPU this job got: 78%
	Elapsed (wall clock) time (h:mm:ss or m:ss): 0:01.79
	Average shared text size (kbytes): 0
	Average unshared data size (kbytes): 0
	Average stack size (kbytes): 0
	Average total size (kbytes): 0
	Maximum resident set size (kbytes): 3674440
	Average resident set size (kbytes): 0
	Major (requiring I/O) page faults: 0
	Minor (reclaiming a frame) page faults: 70329
	Voluntary context switches: 1288
	Involuntary context switches: 8
	Swaps: 0
	File system inputs: 0
	File system outputs: 0
	Socket messages sent: 0
	Socket messages received: 0
	Signals delivered: 0
	Page size (bytes): 4096
	Exit status: 104
