Oct 14 10:24:09 ..... started STAR run
Oct 14 10:24:09 ..... loading genome
Oct 14 10:24:10 ..... started mapping

EXITING because of FATAL ERROR in reads input: short read sequence line: 0
Read Name=@K00337:306:HC3HKBBXY:6:1101:10581:1297
Read Sequence====
DEF_readNameLengthMax=50000
DEF_readSeqLengthMax=650

Oct 14 10:24:11 ...... FATAL ERROR, exiting
Command exited with non-zero status 104
	Command being timed: "STAR --runThreadN 7 --runMode alignReads --outFilterMultimapNmax 3 --outSAMunmapped Within KeepPairs --alignIntronMax 1000000 --alignMatesGapMax 1000000 --readFilesCommand zcat --readFilesIn /projects/bgmp/shared/2019_Drosphila_RNAseq/RAL306W-F3_S79_L006_R1_001.fastq.gz RAL306W-F3_S79_L006_R2_001.fastq.gz --genomeDir Drosophila_melanogaster.BDGP6.22.ncrna.STAR_2.7.1a_2nd --outFileNamePrefix aligned_RAL306W-F3_S79_L006 --genomeSAindexNbases 4"
	User time (seconds): 0.11
	System time (seconds): 0.69
	Percent of CPU this job got: 76%
	Elapsed (wall clock) time (h:mm:ss or m:ss): 0:01.07
	Average shared text size (kbytes): 0
	Average unshared data size (kbytes): 0
	Average stack size (kbytes): 0
	Average total size (kbytes): 0
	Maximum resident set size (kbytes): 2145692
	Average resident set size (kbytes): 0
	Major (requiring I/O) page faults: 0
	Minor (reclaiming a frame) page faults: 68894
	Voluntary context switches: 1085
	Involuntary context switches: 6
	Swaps: 0
	File system inputs: 0
	File system outputs: 0
	Socket messages sent: 0
	Socket messages received: 0
	Signals delivered: 0
	Page size (bytes): 4096
	Exit status: 104
