Oct 15 16:17:04 ..... started STAR run
Oct 15 16:17:04 ... starting to generate Genome files
Oct 15 16:17:04 ... starting to sort Suffix Array. This may take a long time...
Oct 15 16:17:04 ... sorting Suffix Array chunks and saving them to disk...
Oct 15 16:17:04 ... loading chunks from disk, packing SA...
Oct 15 16:17:04 ... finished generating suffix array
Oct 15 16:17:04 ... generating Suffix Array index
Oct 15 16:17:04 ... completed Suffix Array index
Oct 15 16:17:04 ... writing Genome to disk ...
Oct 15 16:17:04 ... writing Suffix Array to disk ...
Oct 15 16:17:04 ... writing SAindex to disk
Oct 15 16:17:04 ..... finished successfully
	Command being timed: "STAR --runThreadN 7 --runMode genomeGenerate --genomeDir /home/gperez8/bgmp/projects/bgmp/gperez8/Bi624/Drosophila_melanogaster.BDGP6.22._RNA_.STAR_2.7.1a --genomeFastaFiles /home/gperez8/bgmp/projects/bgmp/gperez8/Bi624/Drosophila_melanogaster.BDGP6.22.RNA.fa --genomeSAindexNbases 4"
	User time (seconds): 0.48
	System time (seconds): 0.02
	Percent of CPU this job got: 199%
	Elapsed (wall clock) time (h:mm:ss or m:ss): 0:00.25
	Average shared text size (kbytes): 0
	Average unshared data size (kbytes): 0
	Average stack size (kbytes): 0
	Average total size (kbytes): 0
	Maximum resident set size (kbytes): 64004
	Average resident set size (kbytes): 0
	Major (requiring I/O) page faults: 0
	Minor (reclaiming a frame) page faults: 1611
	Voluntary context switches: 149
	Involuntary context switches: 2
	Swaps: 0
	File system inputs: 0
	File system outputs: 0
	Socket messages sent: 0
	Socket messages received: 0
	Signals delivered: 0
	Page size (bytes): 4096
	Exit status: 0
