Oct 13 23:45:39 ..... started STAR run
Oct 13 23:45:39 ... starting to generate Genome files
WARNING: --genomeSAindexNbases 14 is too large for the genome size=1038876672, which may cause seg-fault at the mapping step. Re-run genome generation with recommended --genomeSAindexNbases 13		 Oct 13 23:45:39
Oct 13 23:45:41 ... starting to sort Suffix Array. This may take a long time...
Oct 13 23:45:44 ... sorting Suffix Array chunks and saving them to disk...
Oct 13 23:45:45 ... loading chunks from disk, packing SA...
Oct 13 23:45:46 ... finished generating suffix array
Oct 13 23:45:46 ... generating Suffix Array index
Oct 13 23:45:49 ... completed Suffix Array index
Oct 13 23:45:49 ... writing Genome to disk ...
Oct 13 23:45:50 ... writing Suffix Array to disk ...
Oct 13 23:45:50 ... writing SAindex to disk
Oct 13 23:45:50 ..... finished successfully
	Command being timed: "STAR --runThreadN 7 --runMode genomeGenerate --genomeDir Drosophila_melanogaster.BDGP6.22.ncrna.STAR_2.7.1a --genomeFastaFiles Drosophila_melanogaster.BDGP6.22.ncrna.fa"
	User time (seconds): 20.79
	System time (seconds): 1.55
	Percent of CPU this job got: 192%
	Elapsed (wall clock) time (h:mm:ss or m:ss): 0:11.58
	Average shared text size (kbytes): 0
	Average unshared data size (kbytes): 0
	Average stack size (kbytes): 0
	Average total size (kbytes): 0
	Maximum resident set size (kbytes): 3625212
	Average resident set size (kbytes): 0
	Major (requiring I/O) page faults: 0
	Minor (reclaiming a frame) page faults: 16684
	Voluntary context switches: 1441
	Involuntary context switches: 17
	Swaps: 0
	File system inputs: 0
	File system outputs: 0
	Socket messages sent: 0
	Socket messages received: 0
	Signals delivered: 0
	Page size (bytes): 4096
	Exit status: 0
