Collecting package metadata (current_repodata.json): ...working... done
Solving environment: ...working... done

# All requested packages already installed.

Run "cutadapt --help" to see command-line options.
See https://cutadapt.readthedocs.io/ for full documentation.

cutadapt: error: no such option: --pair-adapters
Command exited with non-zero status 2
	Command being timed: "cutadapt --pair-adapters -a AGATCGGAAGAGCACACGTCTGAACTCCAGTCA -A AGATCGGAAGAGCGTCGTGTAGGGAAAGAGTGT -o RAL306W-F3_S79_L006_R1_001.fastq.gz -p RAL306W-F3_S79_L006_R2_001.fastq.gz /projects/bgmp/shared/2019_Drosphila_RNAseq/RAL306W-F3_S79_L006_R1_001.fastq.gz /projects/bgmp/shared/2019_Drosphila_RNAseq/RAL306W-F3_S79_L006_R2_001.fastq.gz"
	User time (seconds): 0.04
	System time (seconds): 0.01
	Percent of CPU this job got: 96%
	Elapsed (wall clock) time (h:mm:ss or m:ss): 0:00.05
	Average shared text size (kbytes): 0
	Average unshared data size (kbytes): 0
	Average stack size (kbytes): 0
	Average total size (kbytes): 0
	Maximum resident set size (kbytes): 15292
	Average resident set size (kbytes): 0
	Major (requiring I/O) page faults: 0
	Minor (reclaiming a frame) page faults: 3848
	Voluntary context switches: 272
	Involuntary context switches: 0
	Swaps: 0
	File system inputs: 0
	File system outputs: 0
	Socket messages sent: 0
	Socket messages received: 0
	Signals delivered: 0
	Page size (bytes): 4096
	Exit status: 2
