Collecting package metadata (current_repodata.json): ...working... done
Solving environment: ...working... done

# All requested packages already installed.

This is cutadapt 1.18 with Python 3.7.3
Command line parameters: -a AGATCGGAAGAGCACACGTCTGAACTCCAGTCA -A AGATCGGAAGAGCGTCGTGTAGGGAAAGAGTGT -o RAL306W-F3_S79_L006_R1_001.fastq.gz -p RAL306W-F3_S79_L006_R2_001.fastq.gz /projects/bgmp/shared/2019_Drosphila_RNAseq/RAL306W-F3_S79_L006_R1_001.fastq.gz /projects/bgmp/shared/2019_Drosphila_RNAseq/RAL306W-F3_S79_L006_R2_001.fastq.gz
Processing reads on 1 core in paired-end mode ...
Finished in 61.92 s (54 us/read; 1.12 M reads/minute).

=== Summary ===

Total read pairs processed:          1,153,925
  Read 1 with adapter:                 565,779 (49.0%)
  Read 2 with adapter:                 557,089 (48.3%)
Pairs written (passing filters):     1,153,925 (100.0%)

Total basepairs processed:   348,485,350 bp
  Read 1:   174,242,675 bp
  Read 2:   174,242,675 bp
Total written (filtered):    225,048,247 bp (64.6%)
  Read 1:   111,940,302 bp
  Read 2:   113,107,945 bp

=== First read: Adapter 1 ===

Sequence: AGATCGGAAGAGCACACGTCTGAACTCCAGTCA; Type: regular 3'; Length: 33; Trimmed: 565779 times.

No. of allowed errors:
0-9 bp: 0; 10-19 bp: 1; 20-29 bp: 2; 30-33 bp: 3

Bases preceding removed adapters:
  A: 1.9%
  C: 9.5%
  G: 12.5%
  T: 8.0%
  none/other: 68.1%

Overview of removed sequences
length	count	expect	max.err	error counts
3	10001	18030.1	0	10001
4	6022	4507.5	0	6022
5	6180	1126.9	0	6180
6	5998	281.7	0	5998
7	5364	70.4	0	5364
8	5434	17.6	0	5434
9	5610	4.4	0	5582 28
10	5179	1.1	1	5000 179
11	5481	0.3	1	5260 221
12	5589	0.1	1	5381 208
13	4967	0.0	1	4779 188
14	5157	0.0	1	4950 207
15	4876	0.0	1	4658 218
16	4155	0.0	1	3961 194
17	4269	0.0	1	4102 167
18	4474	0.0	1	4294 161 19
19	3911	0.0	1	3717 184 10
20	4347	0.0	2	4097 216 34
21	4152	0.0	2	3936 192 24
22	3845	0.0	2	3616 199 30
23	3738	0.0	2	3533 176 29
24	3720	0.0	2	3520 173 27
25	3466	0.0	2	3260 177 29
26	3563	0.0	2	3312 212 39
27	3328	0.0	2	3128 183 17
28	2985	0.0	2	2768 189 26 2
29	3029	0.0	2	2830 149 29 21
30	3022	0.0	3	2829 149 24 20
31	2713	0.0	3	2522 162 18 11
32	2735	0.0	3	2544 158 26 7
33	2825	0.0	3	2622 169 24 10
34	2464	0.0	3	2272 149 28 15
35	2357	0.0	3	2187 125 27 18
36	2199	0.0	3	2042 121 21 15
37	2003	0.0	3	1850 121 23 9
38	1948	0.0	3	1812 114 16 6
39	1987	0.0	3	1887 81 10 9
40	1737	0.0	3	1618 95 16 8
41	1745	0.0	3	1657 66 16 6
42	1772	0.0	3	1658 93 13 8
43	1519	0.0	3	1424 71 19 5
44	1377	0.0	3	1289 72 12 4
45	1336	0.0	3	1252 72 6 6
46	1179	0.0	3	1114 57 5 3
47	1108	0.0	3	1033 58 13 4
48	1073	0.0	3	1015 41 9 8
49	1020	0.0	3	960 50 8 2
50	904	0.0	3	827 67 8 2
51	874	0.0	3	802 54 15 3
52	790	0.0	3	742 39 6 3
53	788	0.0	3	746 36 3 3
54	819	0.0	3	772 38 6 3
55	677	0.0	3	636 27 11 3
56	594	0.0	3	554 25 7 8
57	696	0.0	3	649 37 10
58	539	0.0	3	503 30 5 1
59	505	0.0	3	469 23 12 1
60	570	0.0	3	514 42 7 7
61	399	0.0	3	377 20 2
62	341	0.0	3	313 17 8 3
63	386	0.0	3	368 16 1 1
64	321	0.0	3	297 17 4 3
65	298	0.0	3	275 17 4 2
66	251	0.0	3	225 20 6
67	246	0.0	3	222 20 4
68	173	0.0	3	159 13 1
69	165	0.0	3	148 10 5 2
70	134	0.0	3	121 5 3 5
71	126	0.0	3	111 13 1 1
72	159	0.0	3	146 9 3 1
73	95	0.0	3	82 8 3 2
74	130	0.0	3	123 5 2
75	118	0.0	3	107 6 2 3
76	129	0.0	3	120 8 0 1
77	100	0.0	3	94 4 2
78	103	0.0	3	96 4 2 1
79	86	0.0	3	75 9 1 1
80	69	0.0	3	64 3 1 1
81	80	0.0	3	65 11 2 2
82	100	0.0	3	92 4 2 2
83	75	0.0	3	67 6 2
84	79	0.0	3	70 3 5 1
85	50	0.0	3	38 7 2 3
86	41	0.0	3	37 4
87	45	0.0	3	38 4 0 3
88	55	0.0	3	46 7 1 1
89	80	0.0	3	67 10 2 1
90	91	0.0	3	81 8 1 1
91	64	0.0	3	52 8 2 2
92	55	0.0	3	42 9 3 1
93	41	0.0	3	30 8 1 2
94	33	0.0	3	28 3 0 2
95	30	0.0	3	25 4 1
96	43	0.0	3	30 10 1 2
97	41	0.0	3	32 6 0 3
98	59	0.0	3	43 15 0 1
99	36	0.0	3	29 5 0 2
100	49	0.0	3	40 5 1 3
101	33	0.0	3	31 1 1
102	35	0.0	3	30 2 2 1
103	24	0.0	3	22 2
104	28	0.0	3	21 4 1 2
105	58	0.0	3	53 5
106	20	0.0	3	16 4
107	54	0.0	3	51 3
108	23	0.0	3	20 2 1
109	37	0.0	3	33 2 1 1
110	22	0.0	3	18 1 1 2
111	37	0.0	3	34 3
112	17	0.0	3	15 1 1
113	14	0.0	3	12 2
114	19	0.0	3	19
115	30	0.0	3	24 2 0 4
116	19	0.0	3	16 2 1
117	21	0.0	3	20 1
118	9	0.0	3	8 1
119	12	0.0	3	11 1
120	21	0.0	3	15 4 1 1
121	23	0.0	3	20 2 0 1
122	13	0.0	3	13
123	8	0.0	3	8
124	13	0.0	3	12 0 1
125	12	0.0	3	9 1 1 1
126	7	0.0	3	6 0 0 1
127	2	0.0	3	2
128	7	0.0	3	7
129	11	0.0	3	11
130	2	0.0	3	2
131	4	0.0	3	4
132	1	0.0	3	1
134	1	0.0	3	0 1
135	6	0.0	3	3 3
136	4	0.0	3	4
137	2	0.0	3	2
138	3	0.0	3	2 0 1
139	6	0.0	3	2 4
140	13	0.0	3	5 7 1
141	22	0.0	3	15 6 1
142	26	0.0	3	11 15
143	20	0.0	3	2 17 1
144	9	0.0	3	2 5 0 2
145	3	0.0	3	2 1
146	5	0.0	3	4 1
149	1	0.0	3	0 0 1
150	42	0.0	3	3 14 24 1
151	385289	0.0	3	109 345553 37706 1921

=== Second read: Adapter 2 ===

Sequence: AGATCGGAAGAGCGTCGTGTAGGGAAAGAGTGT; Type: regular 3'; Length: 33; Trimmed: 557089 times.

No. of allowed errors:
0-9 bp: 0; 10-19 bp: 1; 20-29 bp: 2; 30-33 bp: 3

Bases preceding removed adapters:
  A: 2.6%
  C: 19.6%
  G: 6.8%
  T: 3.1%
  none/other: 67.9%

Overview of removed sequences
length	count	expect	max.err	error counts
3	13484	18030.1	0	13484
4	5990	4507.5	0	5990
5	6034	1126.9	0	6034
6	5905	281.7	0	5905
7	5143	70.4	0	5143
8	5191	17.6	0	5191
9	5362	4.4	0	5341 21
10	5036	1.1	1	4753 283
11	5311	0.3	1	4929 382
12	5413	0.1	1	5107 306
13	4813	0.0	1	4551 262
14	4984	0.0	1	4713 271
15	4640	0.0	1	4112 528
16	4022	0.0	1	3769 253
17	4136	0.0	1	3871 265
18	4197	0.0	1	3713 482 2
19	3785	0.0	1	3541 240 4
20	4204	0.0	2	3806 260 138
21	3967	0.0	2	3522 313 132
22	3726	0.0	2	3390 246 90
23	3634	0.0	2	3333 230 71
24	3576	0.0	2	3229 257 90
25	3339	0.0	2	3017 240 82
26	3410	0.0	2	3073 252 85
27	3178	0.0	2	2853 242 79 4
28	2891	0.0	2	2608 194 81 8
29	2900	0.0	2	2580 235 81 4
30	2943	0.0	3	2593 233 75 42
31	2636	0.0	3	2080 448 66 42
32	2647	0.0	3	2307 217 86 37
33	2725	0.0	3	2299 292 96 38
34	2393	0.0	3	2089 213 65 26
35	2276	0.0	3	2000 152 72 52
36	2137	0.0	3	1908 133 62 34
37	1960	0.0	3	1745 132 48 35
38	1907	0.0	3	1716 119 47 25
39	1948	0.0	3	1766 116 37 29
40	1710	0.0	3	1565 88 40 17
41	1710	0.0	3	1534 104 41 31
42	1741	0.0	3	1597 96 30 18
43	1486	0.0	3	1344 94 33 15
44	1355	0.0	3	1241 70 31 13
45	1305	0.0	3	1187 78 25 15
46	1164	0.0	3	1072 54 22 16
47	1089	0.0	3	977 81 22 9
48	1057	0.0	3	972 52 19 14
49	1003	0.0	3	901 61 23 18
50	890	0.0	3	813 51 12 14
51	852	0.0	3	784 43 12 13
52	766	0.0	3	707 42 12 5
53	772	0.0	3	702 42 15 13
54	792	0.0	3	711 62 14 5
55	666	0.0	3	609 31 16 10
56	582	0.0	3	541 19 13 9
57	679	0.0	3	588 68 7 16
58	530	0.0	3	482 31 11 6
59	493	0.0	3	446 23 16 8
60	553	0.0	3	501 35 8 9
61	399	0.0	3	365 17 11 6
62	340	0.0	3	313 22 3 2
63	389	0.0	3	352 20 9 8
64	319	0.0	3	282 22 11 4
65	294	0.0	3	267 16 5 6
66	251	0.0	3	226 11 8 6
67	248	0.0	3	226 14 6 2
68	170	0.0	3	156 6 4 4
69	175	0.0	3	149 14 9 3
70	139	0.0	3	114 9 8 8
71	132	0.0	3	113 7 6 6
72	153	0.0	3	137 8 5 3
73	96	0.0	3	87 4 1 4
74	126	0.0	3	114 7 2 3
75	117	0.0	3	108 3 4 2
76	123	0.0	3	114 7 1 1
77	102	0.0	3	86 6 3 7
78	102	0.0	3	95 4 3
79	91	0.0	3	77 6 4 4
80	75	0.0	3	62 4 5 4
81	81	0.0	3	63 7 7 4
82	104	0.0	3	92 4 1 7
83	85	0.0	3	71 8 3 3
84	82	0.0	3	69 7 3 3
85	59	0.0	3	50 3 2 4
86	46	0.0	3	41 2 1 2
87	43	0.0	3	37 5 0 1
88	64	0.0	3	51 4 3 6
89	81	0.0	3	68 5 1 7
90	101	0.0	3	85 8 6 2
91	63	0.0	3	54 5 2 2
92	55	0.0	3	44 3 2 6
93	45	0.0	3	37 5 1 2
94	36	0.0	3	31 1 2 2
95	43	0.0	3	35 3 1 4
96	46	0.0	3	35 3 6 2
97	45	0.0	3	35 3 3 4
98	53	0.0	3	42 5 4 2
99	45	0.0	3	28 5 5 7
100	51	0.0	3	45 5 0 1
101	41	0.0	3	33 4 3 1
102	39	0.0	3	31 2 2 4
103	24	0.0	3	21 2 1
104	35	0.0	3	22 0 5 8
105	62	0.0	3	56 3 1 2
106	23	0.0	3	18 1 2 2
107	58	0.0	3	52 2 2 2
108	26	0.0	3	20 2 1 3
109	40	0.0	3	37 1 0 2
110	31	0.0	3	23 3 1 4
111	41	0.0	3	36 4 1
112	21	0.0	3	16 3 2
113	18	0.0	3	10 1 2 5
114	21	0.0	3	16 0 3 2
115	34	0.0	3	27 3 1 3
116	19	0.0	3	18 1
117	23	0.0	3	21 0 1 1
118	10	0.0	3	7 1 1 1
119	43	0.0	3	10 2 11 20
120	19	0.0	3	13 2 1 3
121	29	0.0	3	24 2 1 2
122	16	0.0	3	12 2 0 2
123	12	0.0	3	6 4 0 2
124	15	0.0	3	13 1 1
125	14	0.0	3	10 1 1 2
126	13	0.0	3	10 1 0 2
127	4	0.0	3	0 2 1 1
128	8	0.0	3	7 1
129	13	0.0	3	11 0 2
130	8	0.0	3	3 1 1 3
131	4	0.0	3	4
132	1	0.0	3	1
134	3	0.0	3	1 0 1 1
135	6	0.0	3	5 1
136	4	0.0	3	4
137	2	0.0	3	2
138	2	0.0	3	2
139	6	0.0	3	5 1
140	7	0.0	3	4 2 0 1
141	21	0.0	3	15 3 1 2
142	22	0.0	3	11 9 2
143	14	0.0	3	13 1
144	12	0.0	3	9 1 2
145	3	0.0	3	3
146	5	0.0	3	5
150	31	0.0	3	3 10 16 2
151	378079	0.0	3	123 339517 35409 3030

	Command being timed: "cutadapt -a AGATCGGAAGAGCACACGTCTGAACTCCAGTCA -A AGATCGGAAGAGCGTCGTGTAGGGAAAGAGTGT -o RAL306W-F3_S79_L006_R1_001.fastq.gz -p RAL306W-F3_S79_L006_R2_001.fastq.gz /projects/bgmp/shared/2019_Drosphila_RNAseq/RAL306W-F3_S79_L006_R1_001.fastq.gz /projects/bgmp/shared/2019_Drosphila_RNAseq/RAL306W-F3_S79_L006_R2_001.fastq.gz"
	User time (seconds): 60.65
	System time (seconds): 0.95
	Percent of CPU this job got: 99%
	Elapsed (wall clock) time (h:mm:ss or m:ss): 1:01.98
	Average shared text size (kbytes): 0
	Average unshared data size (kbytes): 0
	Average stack size (kbytes): 0
	Average total size (kbytes): 0
	Maximum resident set size (kbytes): 16236
	Average resident set size (kbytes): 0
	Major (requiring I/O) page faults: 0
	Minor (reclaiming a frame) page faults: 12710
	Voluntary context switches: 139490
	Involuntary context switches: 113
	Swaps: 0
	File system inputs: 0
	File system outputs: 0
	Socket messages sent: 0
	Socket messages received: 0
	Signals delivered: 0
	Page size (bytes): 4096
	Exit status: 0
