Oct 15 17:01:37 ..... started STAR run
Oct 15 17:01:37 ..... loading genome
Oct 15 17:01:37 ..... started mapping
Oct 15 17:04:18 ..... finished mapping
Oct 15 17:04:18 ..... finished successfully
	Command being timed: "STAR --runThreadN 7 --runMode alignReads --outFilterMultimapNmax 3 --outSAMunmapped Within KeepPairs --readFilesCommand zcat --readFilesIn /home/gperez8/bgmp/projects/bgmp/gperez8/Bi624/RAL306W-F3_S79_L006_R1_001_cutadapt.fastq.gz /home/gperez8/bgmp/projects/bgmp/gperez8/Bi624/RAL306W-F3_S79_L006_R2_001_cutadapt.fastq.gz --genomeDir /home/gperez8/bgmp/projects/bgmp/gperez8/Bi624/Drosophila_melanogaster.BDGP6.22._RNA_.STAR_2.7.1a --outFileNamePrefix aligned_RAL306W-F3_S79_L006_rRNA____ --genomeSAindexNbases 4"
	User time (seconds): 724.52
	System time (seconds): 0.72
	Percent of CPU this job got: 449%
	Elapsed (wall clock) time (h:mm:ss or m:ss): 2:41.34
	Average shared text size (kbytes): 0
	Average unshared data size (kbytes): 0
	Average stack size (kbytes): 0
	Average total size (kbytes): 0
	Maximum resident set size (kbytes): 1649616
	Average resident set size (kbytes): 0
	Major (requiring I/O) page faults: 0
	Minor (reclaiming a frame) page faults: 105181
	Voluntary context switches: 8172
	Involuntary context switches: 661
	Swaps: 0
	File system inputs: 0
	File system outputs: 0
	Socket messages sent: 0
	Socket messages received: 0
	Signals delivered: 0
	Page size (bytes): 4096
	Exit status: 0
