Oct 14 00:00:26 ..... started STAR run
Oct 14 00:00:26 ... starting to generate Genome files
Oct 14 00:00:28 ... starting to sort Suffix Array. This may take a long time...
Oct 14 00:00:30 ... sorting Suffix Array chunks and saving them to disk...
Oct 14 00:00:33 ... loading chunks from disk, packing SA...
Oct 14 00:00:34 ... finished generating suffix array
Oct 14 00:00:34 ... generating Suffix Array index
Oct 14 00:00:34 ... completed Suffix Array index
Oct 14 00:00:34 ... writing Genome to disk ...
Oct 14 00:00:34 ... writing Suffix Array to disk ...
Oct 14 00:00:34 ... writing SAindex to disk
Oct 14 00:00:34 ..... finished successfully
	Command being timed: "STAR --runThreadN 7 --runMode genomeGenerate --genomeDir Drosophila_melanogaster.BDGP6.22.ncrna.STAR_2.7.1a_2nd --genomeFastaFiles Drosophila_melanogaster.BDGP6.22.ncrna.fa --genomeSAindexNbases 4"
	User time (seconds): 15.62
	System time (seconds): 0.75
	Percent of CPU this job got: 199%
	Elapsed (wall clock) time (h:mm:ss or m:ss): 0:08.20
	Average shared text size (kbytes): 0
	Average unshared data size (kbytes): 0
	Average stack size (kbytes): 0
	Average total size (kbytes): 0
	Maximum resident set size (kbytes): 2121852
	Average resident set size (kbytes): 0
	Major (requiring I/O) page faults: 0
	Minor (reclaiming a frame) page faults: 11604
	Voluntary context switches: 651
	Involuntary context switches: 153
	Swaps: 0
	File system inputs: 0
	File system outputs: 0
	Socket messages sent: 0
	Socket messages received: 0
	Signals delivered: 0
	Page size (bytes): 4096
	Exit status: 0
