	Command being timed: "python /home/gperez8/bgmp/projects/bgmp/gperez8/Bio622/c_count.py -f /projects/bgmp/shared/2019_Drosphila_RNAseq/RAL306W_plus_M3_S78_L006_R2_001.fastq.gz -o RAL306W_plus_M3_S78_L006_R2_001_hist"
	User time (seconds): 1241.08
	System time (seconds): 0.57
	Percent of CPU this job got: 99%
	Elapsed (wall clock) time (h:mm:ss or m:ss): 20:44.86
	Average shared text size (kbytes): 0
	Average unshared data size (kbytes): 0
	Average stack size (kbytes): 0
	Average total size (kbytes): 0
	Maximum resident set size (kbytes): 49036
	Average resident set size (kbytes): 0
	Major (requiring I/O) page faults: 0
	Minor (reclaiming a frame) page faults: 40412
	Voluntary context switches: 940
	Involuntary context switches: 5442
	Swaps: 0
	File system inputs: 0
	File system outputs: 0
	Socket messages sent: 0
	Socket messages received: 0
	Signals delivered: 0
	Page size (bytes): 4096
	Exit status: 0
