
Currently Loaded Modules:
  1) slurm/18.08   2) intel/17   3) fastqc/0.11.5

 

Exception in thread "main" java.awt.HeadlessException: 
No X11 DISPLAY variable was set, but this program performed an operation which requires it.
	at java.awt.GraphicsEnvironment.checkHeadless(GraphicsEnvironment.java:207)
	at java.awt.Window.<init>(Window.java:535)
	at java.awt.Frame.<init>(Frame.java:420)
	at java.awt.Frame.<init>(Frame.java:385)
	at javax.swing.JFrame.<init>(JFrame.java:174)
	at uk.ac.babraham.FastQC.FastQCApplication.<init>(FastQCApplication.java:63)
	at uk.ac.babraham.FastQC.FastQCApplication.main(FastQCApplication.java:332)
Command terminated by signal 13
	Command being timed: "zcat /projects/bgmp/shared/2019_Drosphila_RNAseq/RAL306W-F3_S79_L006_R1_001.fastq.gz"
	User time (seconds): 0.00
	System time (seconds): 0.00
	Percent of CPU this job got: 1%
	Elapsed (wall clock) time (h:mm:ss or m:ss): 0:00.11
	Average shared text size (kbytes): 0
	Average unshared data size (kbytes): 0
	Average stack size (kbytes): 0
	Average total size (kbytes): 0
	Maximum resident set size (kbytes): 1528
	Average resident set size (kbytes): 0
	Major (requiring I/O) page faults: 0
	Minor (reclaiming a frame) page faults: 633
	Voluntary context switches: 5
	Involuntary context switches: 2
	Swaps: 0
	File system inputs: 0
	File system outputs: 0
	Socket messages sent: 0
	Socket messages received: 0
	Signals delivered: 0
	Page size (bytes): 4096
	Exit status: 0
Exception in thread "main" java.awt.HeadlessException: 
No X11 DISPLAY variable was set, but this program performed an operation which requires it.
	at java.awt.GraphicsEnvironment.checkHeadless(GraphicsEnvironment.java:207)
	at java.awt.Window.<init>(Window.java:535)
	at java.awt.Frame.<init>(Frame.java:420)
	at java.awt.Frame.<init>(Frame.java:385)
	at javax.swing.JFrame.<init>(JFrame.java:174)
	at uk.ac.babraham.FastQC.FastQCApplication.<init>(FastQCApplication.java:63)
	at uk.ac.babraham.FastQC.FastQCApplication.main(FastQCApplication.java:332)
Command terminated by signal 13
	Command being timed: "zcat /projects/bgmp/shared/2019_Drosphila_RNAseq/RAL306W-F3_S79_L006_R2_001.fastq.gz"
	User time (seconds): 0.00
	System time (seconds): 0.00
	Percent of CPU this job got: 1%
	Elapsed (wall clock) time (h:mm:ss or m:ss): 0:00.10
	Average shared text size (kbytes): 0
	Average unshared data size (kbytes): 0
	Average stack size (kbytes): 0
	Average total size (kbytes): 0
	Maximum resident set size (kbytes): 1528
	Average resident set size (kbytes): 0
	Major (requiring I/O) page faults: 0
	Minor (reclaiming a frame) page faults: 633
	Voluntary context switches: 4
	Involuntary context switches: 2
	Swaps: 0
	File system inputs: 0
	File system outputs: 0
	Socket messages sent: 0
	Socket messages received: 0
	Signals delivered: 0
	Page size (bytes): 4096
	Exit status: 0
Exception in thread "main" java.awt.HeadlessException: 
No X11 DISPLAY variable was set, but this program performed an operation which requires it.
	at java.awt.GraphicsEnvironment.checkHeadless(GraphicsEnvironment.java:207)
	at java.awt.Window.<init>(Window.java:535)
	at java.awt.Frame.<init>(Frame.java:420)
	at java.awt.Frame.<init>(Frame.java:385)
	at javax.swing.JFrame.<init>(JFrame.java:174)
	at uk.ac.babraham.FastQC.FastQCApplication.<init>(FastQCApplication.java:63)
	at uk.ac.babraham.FastQC.FastQCApplication.main(FastQCApplication.java:332)
Command terminated by signal 13
	Command being timed: "zcat /projects/bgmp/shared/2019_Drosphila_RNAseq/RAL306W_plus_M3_S78_L006_R1_001.fastq.gz"
	User time (seconds): 0.00
	System time (seconds): 0.00
	Percent of CPU this job got: 1%
	Elapsed (wall clock) time (h:mm:ss or m:ss): 0:00.10
	Average shared text size (kbytes): 0
	Average unshared data size (kbytes): 0
	Average stack size (kbytes): 0
	Average total size (kbytes): 0
	Maximum resident set size (kbytes): 1528
	Average resident set size (kbytes): 0
	Major (requiring I/O) page faults: 0
	Minor (reclaiming a frame) page faults: 634
	Voluntary context switches: 7
	Involuntary context switches: 2
	Swaps: 0
	File system inputs: 0
	File system outputs: 0
	Socket messages sent: 0
	Socket messages received: 0
	Signals delivered: 0
	Page size (bytes): 4096
	Exit status: 0
Exception in thread "main" java.awt.HeadlessException: 
No X11 DISPLAY variable was set, but this program performed an operation which requires it.
	at java.awt.GraphicsEnvironment.checkHeadless(GraphicsEnvironment.java:207)
	at java.awt.Window.<init>(Window.java:535)
	at java.awt.Frame.<init>(Frame.java:420)
	at java.awt.Frame.<init>(Frame.java:385)
	at javax.swing.JFrame.<init>(JFrame.java:174)
	at uk.ac.babraham.FastQC.FastQCApplication.<init>(FastQCApplication.java:63)
	at uk.ac.babraham.FastQC.FastQCApplication.main(FastQCApplication.java:332)
Command terminated by signal 13
	Command being timed: "zcat /projects/bgmp/shared/2019_Drosphila_RNAseq/RAL306W_plus_M3_S78_L006_R2_001.fastq.gz"
	User time (seconds): 0.00
	System time (seconds): 0.00
	Percent of CPU this job got: 3%
	Elapsed (wall clock) time (h:mm:ss or m:ss): 0:00.11
	Average shared text size (kbytes): 0
	Average unshared data size (kbytes): 0
	Average stack size (kbytes): 0
	Average total size (kbytes): 0
	Maximum resident set size (kbytes): 1528
	Average resident set size (kbytes): 0
	Major (requiring I/O) page faults: 0
	Minor (reclaiming a frame) page faults: 633
	Voluntary context switches: 4
	Involuntary context switches: 2
	Swaps: 0
	File system inputs: 0
	File system outputs: 0
	Socket messages sent: 0
	Socket messages received: 0
	Signals delivered: 0
	Page size (bytes): 4096
	Exit status: 0
