
----------------------------------------------------------------------------
  fastqc: fastqc/0.11.5
----------------------------------------------------------------------------

     Other possible modules matches:
        FastQC

    This module can be loaded directly: module load fastqc/0.11.5

    Help:
      FastQC
      A quality control application for high throughput sequence data
      
      

----------------------------------------------------------------------------
  To find other possible module matches execute:

      $ module -r spider '.*fastqc.*'


 


Currently Loaded Modules:
  1) slurm/18.08   2) intel/17

 

/cm/local/apps/slurm/var/spool/job10222123/slurm_script: line 16: fastqc: command not found
Command terminated by signal 13
	Command being timed: "zcat /projects/bgmp/shared/2019_Drosphila_RNAseq/RAL306W_plus_M3_S78_L006_R1_001.fastq.gz"
	User time (seconds): 0.00
	System time (seconds): 0.00
	Percent of CPU this job got: 9%
	Elapsed (wall clock) time (h:mm:ss or m:ss): 0:00.03
	Average shared text size (kbytes): 0
	Average unshared data size (kbytes): 0
	Average stack size (kbytes): 0
	Average total size (kbytes): 0
	Maximum resident set size (kbytes): 1520
	Average resident set size (kbytes): 0
	Major (requiring I/O) page faults: 0
	Minor (reclaiming a frame) page faults: 631
	Voluntary context switches: 10
	Involuntary context switches: 2
	Swaps: 0
	File system inputs: 0
	File system outputs: 0
	Socket messages sent: 0
	Socket messages received: 0
	Signals delivered: 0
	Page size (bytes): 4096
	Exit status: 0
