Oct 14 10:24:41 ..... started STAR run
Oct 14 10:24:41 ..... loading genome
Oct 14 10:24:42 ..... started mapping
Oct 14 10:25:38 ..... finished mapping
Oct 14 10:25:38 ..... finished successfully
	Command being timed: "STAR --runThreadN 7 --runMode alignReads --outFilterMultimapNmax 3 --outSAMunmapped Within KeepPairs --alignIntronMax 1000000 --alignMatesGapMax 1000000 --readFilesCommand zcat --readFilesIn /projects/bgmp/shared/2019_Drosphila_RNAseq/RAL306W-F3_S79_L006_R1_001.fastq.gz --genomeDir Drosophila_melanogaster.BDGP6.22.ncrna.STAR_2.7.1a_2nd --outFileNamePrefix aligned_RAL306W-F3_S79_L006 --genomeSAindexNbases 4"
	User time (seconds): 366.58
	System time (seconds): 0.97
	Percent of CPU this job got: 650%
	Elapsed (wall clock) time (h:mm:ss or m:ss): 0:56.53
	Average shared text size (kbytes): 0
	Average unshared data size (kbytes): 0
	Average stack size (kbytes): 0
	Average total size (kbytes): 0
	Maximum resident set size (kbytes): 2338944
	Average resident set size (kbytes): 0
	Major (requiring I/O) page faults: 0
	Minor (reclaiming a frame) page faults: 107053
	Voluntary context switches: 11371
	Involuntary context switches: 304
	Swaps: 0
	File system inputs: 0
	File system outputs: 0
	Socket messages sent: 0
	Socket messages received: 0
	Signals delivered: 0
	Page size (bytes): 4096
	Exit status: 0
