

Note that the EASYBUILD tree is NOT supported by RACS.

Please contact user at sydes@uoregon.edu for questions regarding this tree.


Lmod is automatically replacing "intel/17" with "easybuild".



Note that the EASYBUILD tree is NOT supported by RACS.

Please contact user at sydes@uoregon.edu for questions regarding this tree.



Note that the EASYBUILD tree is NOT supported by RACS.

Please contact user at sydes@uoregon.edu for questions regarding this tree.

This is cutadapt 1.18 with Python 3.7.0
Command line parameters: -a AGATCGGAAGAGCACACGTCTGAACTCCAGTCA -A AGATCGGAAGAGCGTCGTGTAGGGAAAGAGTGT -o RAL306W-F3_S79_L006_R1_001_cutadapt.fastq.gz -p RAL306W-F3_S79_L006_R2_001_cutadapt.fastq.gz /projects/bgmp/shared/2019_Drosphila_RNAseq/RAL306W-F3_S79_L006_R1_001.fastq.gz /projects/bgmp/shared/2019_Drosphila_RNAseq/RAL306W-F3_S79_L006_R2_001.fastq.gz -m 30
Processing reads on 1 core in paired-end mode ...
Finished in 78.38 s (68 us/read; 0.88 M reads/minute).

=== Summary ===

Total read pairs processed:          1,153,925
  Read 1 with adapter:                 565,779 (49.0%)
  Read 2 with adapter:                 557,089 (48.3%)
Pairs that were too short:             386,001 (33.5%)
Pairs written (passing filters):       767,924 (66.5%)

Total basepairs processed:   348,485,350 bp
  Read 1:   174,242,675 bp
  Read 2:   174,242,675 bp
Total written (filtered):    223,833,947 bp (64.2%)
  Read 1:   111,882,225 bp
  Read 2:   111,951,722 bp

=== First read: Adapter 1 ===

Sequence: AGATCGGAAGAGCACACGTCTGAACTCCAGTCA; Type: regular 3'; Length: 33; Trimmed: 565779 times.

No. of allowed errors:
0-9 bp: 0; 10-19 bp: 1; 20-29 bp: 2; 30-33 bp: 3

Bases preceding removed adapters:
  A: 1.9%
  C: 9.5%
  G: 12.5%
  T: 8.0%
  none/other: 68.1%

Overview of removed sequences
length	count	expect	max.err	error counts
3	10001	18030.1	0	10001
4	6022	4507.5	0	6022
5	6180	1126.9	0	6180
6	5998	281.7	0	5998
7	5364	70.4	0	5364
8	5434	17.6	0	5434
9	5610	4.4	0	5582 28
10	5179	1.1	1	5000 179
11	5481	0.3	1	5260 221
12	5589	0.1	1	5381 208
13	4967	0.0	1	4779 188
14	5157	0.0	1	4950 207
15	4876	0.0	1	4658 218
16	4155	0.0	1	3961 194
17	4269	0.0	1	4102 167
18	4474	0.0	1	4294 161 19
19	3911	0.0	1	3717 184 10
20	4347	0.0	2	4097 216 34
21	4152	0.0	2	3936 192 24
22	3845	0.0	2	3616 199 30
23	3738	0.0	2	3533 176 29
24	3720	0.0	2	3520 173 27
25	3466	0.0	2	3260 177 29
26	3563	0.0	2	3312 212 39
27	3328	0.0	2	3128 183 17
28	2985	0.0	2	2768 189 26 2
29	3029	0.0	2	2830 149 29 21
30	3022	0.0	3	2829 149 24 20
31	2713	0.0	3	2522 162 18 11
32	2735	0.0	3	2544 158 26 7
33	2825	0.0	3	2622 169 24 10
34	2464	0.0	3	2272 149 28 15
35	2357	0.0	3	2187 125 27 18
36	2199	0.0	3	2042 121 21 15
37	2003	0.0	3	1850 121 23 9
38	1948	0.0	3	1812 114 16 6
39	1987	0.0	3	1887 81 10 9
40	1737	0.0	3	1618 95 16 8
41	1745	0.0	3	1657 66 16 6
42	1772	0.0	3	1658 93 13 8
43	1519	0.0	3	1424 71 19 5
44	1377	0.0	3	1289 72 12 4
45	1336	0.0	3	1252 72 6 6
46	1179	0.0	3	1114 57 5 3
47	1108	0.0	3	1033 58 13 4
48	1073	0.0	3	1015 41 9 8
49	1020	0.0	3	960 50 8 2
50	904	0.0	3	827 67 8 2
51	874	0.0	3	802 54 15 3
52	790	0.0	3	742 39 6 3
53	788	0.0	3	746 36 3 3
54	819	0.0	3	772 38 6 3
55	677	0.0	3	636 27 11 3
56	594	0.0	3	554 25 7 8
57	696	0.0	3	649 37 10
58	539	0.0	3	503 30 5 1
59	505	0.0	3	469 23 12 1
60	570	0.0	3	514 42 7 7
61	399	0.0	3	377 20 2
62	341	0.0	3	313 17 8 3
63	386	0.0	3	368 16 1 1
64	321	0.0	3	297 17 4 3
65	298	0.0	3	275 17 4 2
66	251	0.0	3	225 20 6
67	246	0.0	3	222 20 4
68	173	0.0	3	159 13 1
69	165	0.0	3	148 10 5 2
70	134	0.0	3	121 5 3 5
71	126	0.0	3	111 13 1 1
72	159	0.0	3	146 9 3 1
73	95	0.0	3	82 8 3 2
74	130	0.0	3	123 5 2
75	118	0.0	3	107 6 2 3
76	129	0.0	3	120 8 0 1
77	100	0.0	3	94 4 2
78	103	0.0	3	96 4 2 1
79	86	0.0	3	75 9 1 1
80	69	0.0	3	64 3 1 1
81	80	0.0	3	65 11 2 2
82	100	0.0	3	92 4 2 2
83	75	0.0	3	67 6 2
84	79	0.0	3	70 3 5 1
85	50	0.0	3	38 7 2 3
86	41	0.0	3	37 4
87	45	0.0	3	38 4 0 3
88	55	0.0	3	46 7 1 1
89	80	0.0	3	67 10 2 1
90	91	0.0	3	81 8 1 1
91	64	0.0	3	52 8 2 2
92	55	0.0	3	42 9 3 1
93	41	0.0	3	30 8 1 2
94	33	0.0	3	28 3 0 2
95	30	0.0	3	25 4 1
96	43	0.0	3	30 10 1 2
97	41	0.0	3	32 6 0 3
98	59	0.0	3	43 15 0 1
99	36	0.0	3	29 5 0 2
100	49	0.0	3	40 5 1 3
101	33	0.0	3	31 1 1
102	35	0.0	3	30 2 2 1
103	24	0.0	3	22 2
104	28	0.0	3	21 4 1 2
105	58	0.0	3	53 5
106	20	0.0	3	16 4
107	54	0.0	3	51 3
108	23	0.0	3	20 2 1
109	37	0.0	3	33 2 1 1
110	22	0.0	3	18 1 1 2
111	37	0.0	3	34 3
112	17	0.0	3	15 1 1
113	14	0.0	3	12 2
114	19	0.0	3	19
115	30	0.0	3	24 2 0 4
116	19	0.0	3	16 2 1
117	21	0.0	3	20 1
118	9	0.0	3	8 1
119	12	0.0	3	11 1
120	21	0.0	3	15 4 1 1
121	23	0.0	3	20 2 0 1
122	13	0.0	3	13
123	8	0.0	3	8
124	13	0.0	3	12 0 1
125	12	0.0	3	9 1 1 1
126	7	0.0	3	6 0 0 1
127	2	0.0	3	2
128	7	0.0	3	7
129	11	0.0	3	11
130	2	0.0	3	2
131	4	0.0	3	4
132	1	0.0	3	1
134	1	0.0	3	0 1
135	6	0.0	3	3 3
136	4	0.0	3	4
137	2	0.0	3	2
138	3	0.0	3	2 0 1
139	6	0.0	3	2 4
140	13	0.0	3	5 7 1
141	22	0.0	3	15 6 1
142	26	0.0	3	11 15
143	20	0.0	3	2 17 1
144	9	0.0	3	2 5 0 2
145	3	0.0	3	2 1
146	5	0.0	3	4 1
149	1	0.0	3	0 0 1
150	42	0.0	3	3 14 24 1
151	385289	0.0	3	109 345553 37706 1921

=== Second read: Adapter 2 ===

Sequence: AGATCGGAAGAGCGTCGTGTAGGGAAAGAGTGT; Type: regular 3'; Length: 33; Trimmed: 557089 times.

No. of allowed errors:
0-9 bp: 0; 10-19 bp: 1; 20-29 bp: 2; 30-33 bp: 3

Bases preceding removed adapters:
  A: 2.6%
  C: 19.6%
  G: 6.8%
  T: 3.1%
  none/other: 67.9%

Overview of removed sequences
length	count	expect	max.err	error counts
3	13484	18030.1	0	13484
4	5990	4507.5	0	5990
5	6034	1126.9	0	6034
6	5905	281.7	0	5905
7	5143	70.4	0	5143
8	5191	17.6	0	5191
9	5362	4.4	0	5341 21
10	5036	1.1	1	4753 283
11	5311	0.3	1	4929 382
12	5413	0.1	1	5107 306
13	4813	0.0	1	4551 262
14	4984	0.0	1	4713 271
15	4640	0.0	1	4112 528
16	4022	0.0	1	3769 253
17	4136	0.0	1	3871 265
18	4197	0.0	1	3713 482 2
19	3785	0.0	1	3541 240 4
20	4204	0.0	2	3806 260 138
21	3967	0.0	2	3522 313 132
22	3726	0.0	2	3390 246 90
23	3634	0.0	2	3333 230 71
24	3576	0.0	2	3229 257 90
25	3339	0.0	2	3017 240 82
26	3410	0.0	2	3073 252 85
27	3178	0.0	2	2853 242 79 4
28	2891	0.0	2	2608 194 81 8
29	2900	0.0	2	2580 235 81 4
30	2943	0.0	3	2593 233 75 42
31	2636	0.0	3	2080 448 66 42
32	2647	0.0	3	2307 217 86 37
33	2725	0.0	3	2299 292 96 38
34	2393	0.0	3	2089 213 65 26
35	2276	0.0	3	2000 152 72 52
36	2137	0.0	3	1908 133 62 34
37	1960	0.0	3	1745 132 48 35
38	1907	0.0	3	1716 119 47 25
39	1948	0.0	3	1766 116 37 29
40	1710	0.0	3	1565 88 40 17
41	1710	0.0	3	1534 104 41 31
42	1741	0.0	3	1597 96 30 18
43	1486	0.0	3	1344 94 33 15
44	1355	0.0	3	1241 70 31 13
45	1305	0.0	3	1187 78 25 15
46	1164	0.0	3	1072 54 22 16
47	1089	0.0	3	977 81 22 9
48	1057	0.0	3	972 52 19 14
49	1003	0.0	3	901 61 23 18
50	890	0.0	3	813 51 12 14
51	852	0.0	3	784 43 12 13
52	766	0.0	3	707 42 12 5
53	772	0.0	3	702 42 15 13
54	792	0.0	3	711 62 14 5
55	666	0.0	3	609 31 16 10
56	582	0.0	3	541 19 13 9
57	679	0.0	3	588 68 7 16
58	530	0.0	3	482 31 11 6
59	493	0.0	3	446 23 16 8
60	553	0.0	3	501 35 8 9
61	399	0.0	3	365 17 11 6
62	340	0.0	3	313 22 3 2
63	389	0.0	3	352 20 9 8
64	319	0.0	3	282 22 11 4
65	294	0.0	3	267 16 5 6
66	251	0.0	3	226 11 8 6
67	248	0.0	3	226 14 6 2
68	170	0.0	3	156 6 4 4
69	175	0.0	3	149 14 9 3
70	139	0.0	3	114 9 8 8
71	132	0.0	3	113 7 6 6
72	153	0.0	3	137 8 5 3
73	96	0.0	3	87 4 1 4
74	126	0.0	3	114 7 2 3
75	117	0.0	3	108 3 4 2
76	123	0.0	3	114 7 1 1
77	102	0.0	3	86 6 3 7
78	102	0.0	3	95 4 3
79	91	0.0	3	77 6 4 4
80	75	0.0	3	62 4 5 4
81	81	0.0	3	63 7 7 4
82	104	0.0	3	92 4 1 7
83	85	0.0	3	71 8 3 3
84	82	0.0	3	69 7 3 3
85	59	0.0	3	50 3 2 4
86	46	0.0	3	41 2 1 2
87	43	0.0	3	37 5 0 1
88	64	0.0	3	51 4 3 6
89	81	0.0	3	68 5 1 7
90	101	0.0	3	85 8 6 2
91	63	0.0	3	54 5 2 2
92	55	0.0	3	44 3 2 6
93	45	0.0	3	37 5 1 2
94	36	0.0	3	31 1 2 2
95	43	0.0	3	35 3 1 4
96	46	0.0	3	35 3 6 2
97	45	0.0	3	35 3 3 4
98	53	0.0	3	42 5 4 2
99	45	0.0	3	28 5 5 7
100	51	0.0	3	45 5 0 1
101	41	0.0	3	33 4 3 1
102	39	0.0	3	31 2 2 4
103	24	0.0	3	21 2 1
104	35	0.0	3	22 0 5 8
105	62	0.0	3	56 3 1 2
106	23	0.0	3	18 1 2 2
107	58	0.0	3	52 2 2 2
108	26	0.0	3	20 2 1 3
109	40	0.0	3	37 1 0 2
110	31	0.0	3	23 3 1 4
111	41	0.0	3	36 4 1
112	21	0.0	3	16 3 2
113	18	0.0	3	10 1 2 5
114	21	0.0	3	16 0 3 2
115	34	0.0	3	27 3 1 3
116	19	0.0	3	18 1
117	23	0.0	3	21 0 1 1
118	10	0.0	3	7 1 1 1
119	43	0.0	3	10 2 11 20
120	19	0.0	3	13 2 1 3
121	29	0.0	3	24 2 1 2
122	16	0.0	3	12 2 0 2
123	12	0.0	3	6 4 0 2
124	15	0.0	3	13 1 1
125	14	0.0	3	10 1 1 2
126	13	0.0	3	10 1 0 2
127	4	0.0	3	0 2 1 1
128	8	0.0	3	7 1
129	13	0.0	3	11 0 2
130	8	0.0	3	3 1 1 3
131	4	0.0	3	4
132	1	0.0	3	1
134	3	0.0	3	1 0 1 1
135	6	0.0	3	5 1
136	4	0.0	3	4
137	2	0.0	3	2
138	2	0.0	3	2
139	6	0.0	3	5 1
140	7	0.0	3	4 2 0 1
141	21	0.0	3	15 3 1 2
142	22	0.0	3	11 9 2
143	14	0.0	3	13 1
144	12	0.0	3	9 1 2
145	3	0.0	3	3
146	5	0.0	3	5
150	31	0.0	3	3 10 16 2
151	378079	0.0	3	123 339517 35409 3030

	Command being timed: "cutadapt -a AGATCGGAAGAGCACACGTCTGAACTCCAGTCA -A AGATCGGAAGAGCGTCGTGTAGGGAAAGAGTGT -o RAL306W-F3_S79_L006_R1_001_cutadapt.fastq.gz -p RAL306W-F3_S79_L006_R2_001_cutadapt.fastq.gz /projects/bgmp/shared/2019_Drosphila_RNAseq/RAL306W-F3_S79_L006_R1_001.fastq.gz /projects/bgmp/shared/2019_Drosphila_RNAseq/RAL306W-F3_S79_L006_R2_001.fastq.gz -m 30"
	User time (seconds): 77.87
	System time (seconds): 0.50
	Percent of CPU this job got: 99%
	Elapsed (wall clock) time (h:mm:ss or m:ss): 1:18.70
	Average shared text size (kbytes): 0
	Average unshared data size (kbytes): 0
	Average stack size (kbytes): 0
	Average total size (kbytes): 0
	Maximum resident set size (kbytes): 28692
	Average resident set size (kbytes): 0
	Major (requiring I/O) page faults: 0
	Minor (reclaiming a frame) page faults: 27111
	Voluntary context switches: 13847
	Involuntary context switches: 3633
	Swaps: 0
	File system inputs: 0
	File system outputs: 0
	Socket messages sent: 0
	Socket messages received: 0
	Signals delivered: 0
	Page size (bytes): 4096
	Exit status: 0
This is cutadapt 1.18 with Python 3.7.0
Command line parameters: -a AGATCGGAAGAGCACACGTCTGAACTCCAGTCA -A AGATCGGAAGAGCGTCGTGTAGGGAAAGAGTGT -o RAL306W_plus_M3_S78_L006_R1_001_cutadapt.fastq.gz -p RAL306W_plus_M3_S78_L006_R2_001_cutadapt.fastq.gz /projects/bgmp/shared/2019_Drosphila_RNAseq/RAL306W_plus_M3_S78_L006_R1_001.fastq.gz /projects/bgmp/shared/2019_Drosphila_RNAseq/RAL306W_plus_M3_S78_L006_R2_001.fastq.gz -m 30
Processing reads on 1 core in paired-end mode ...
Finished in 2281.96 s (74 us/read; 0.81 M reads/minute).

=== Summary ===

Total read pairs processed:         30,943,940
  Read 1 with adapter:               3,255,842 (10.5%)
  Read 2 with adapter:               3,414,546 (11.0%)
Pairs that were too short:           1,774,927 (5.7%)
Pairs written (passing filters):    29,169,013 (94.3%)

Total basepairs processed: 9,345,069,880 bp
  Read 1: 4,672,534,940 bp
  Read 2: 4,672,534,940 bp
Total written (filtered):  8,743,689,102 bp (93.6%)
  Read 1: 4,372,319,686 bp
  Read 2: 4,371,369,416 bp

=== First read: Adapter 1 ===

Sequence: AGATCGGAAGAGCACACGTCTGAACTCCAGTCA; Type: regular 3'; Length: 33; Trimmed: 3255842 times.

No. of allowed errors:
0-9 bp: 0; 10-19 bp: 1; 20-29 bp: 2; 30-33 bp: 3

Bases preceding removed adapters:
  A: 9.5%
  C: 13.9%
  G: 12.7%
  T: 9.5%
  none/other: 54.3%

Overview of removed sequences
length	count	expect	max.err	error counts
3	345836	483499.1	0	345836
4	141304	120874.8	0	141304
5	51444	30218.7	0	51444
6	33793	7554.7	0	33793
7	27986	1888.7	0	27986
8	25315	472.2	0	25315
9	27031	118.0	0	26339 692
10	25426	29.5	1	23604 1822
11	24937	7.4	1	23402 1535
12	25189	1.8	1	23759 1430
13	23026	0.5	1	21748 1278
14	22762	0.1	1	21427 1335
15	23665	0.0	1	22379 1286
16	22252	0.0	1	20919 1333
17	21742	0.0	1	20435 1307
18	22223	0.0	1	20820 1362 41
19	20213	0.0	1	18868 1269 76
20	20526	0.0	2	19087 1286 153
21	20033	0.0	2	18673 1210 150
22	19071	0.0	2	17629 1296 146
23	19376	0.0	2	17954 1244 178
24	18875	0.0	2	17234 1435 206
25	17999	0.0	2	16606 1239 154
26	17367	0.0	2	15873 1287 207
27	16989	0.0	2	15578 1224 177 10
28	16328	0.0	2	14969 1168 175 16
29	15896	0.0	2	14453 1146 184 113
30	15994	0.0	3	14440 1239 219 96
31	14427	0.0	3	13094 1111 164 58
32	14564	0.0	3	13287 1089 153 35
33	14373	0.0	3	13038 1116 159 60
34	13463	0.0	3	12282 990 128 63
35	13412	0.0	3	12229 990 132 61
36	13141	0.0	3	11934 1034 132 41
37	11962	0.0	3	10841 942 128 51
38	11862	0.0	3	10808 899 109 46
39	11926	0.0	3	10877 924 92 33
40	11015	0.0	3	10043 828 101 43
41	11267	0.0	3	10273 831 115 48
42	11152	0.0	3	10165 865 80 42
43	10045	0.0	3	9200 709 94 42
44	9562	0.0	3	8769 675 84 34
45	9602	0.0	3	8814 651 93 44
46	8878	0.0	3	8182 575 87 34
47	8548	0.0	3	7837 589 90 32
48	8712	0.0	3	7985 627 65 35
49	8314	0.0	3	7600 618 62 34
50	7739	0.0	3	7094 537 75 33
51	8025	0.0	3	7322 590 86 27
52	7086	0.0	3	6506 493 62 25
53	7081	0.0	3	6447 517 83 34
54	7005	0.0	3	6424 497 54 30
55	6215	0.0	3	5652 490 52 21
56	6204	0.0	3	5691 432 50 31
57	5986	0.0	3	5516 389 52 29
58	5441	0.0	3	4972 406 47 16
59	5624	0.0	3	5144 399 53 28
60	5613	0.0	3	5183 346 61 23
61	4911	0.0	3	4436 393 62 20
62	4878	0.0	3	4465 342 51 20
63	4701	0.0	3	4283 335 55 28
64	4236	0.0	3	3896 287 35 18
65	4375	0.0	3	4006 314 30 25
66	4152	0.0	3	3795 295 37 25
67	3812	0.0	3	3505 248 46 13
68	3796	0.0	3	3449 270 56 21
69	3965	0.0	3	3620 269 55 21
70	3338	0.0	3	3027 256 37 18
71	3310	0.0	3	3041 228 25 16
72	3426	0.0	3	3149 231 30 16
73	3010	0.0	3	2770 189 36 15
74	2927	0.0	3	2658 202 47 20
75	3110	0.0	3	2832 227 35 16
76	2507	0.0	3	2296 179 25 7
77	2629	0.0	3	2409 186 29 5
78	2651	0.0	3	2391 210 39 11
79	2359	0.0	3	2157 170 21 11
80	2128	0.0	3	1943 143 32 10
81	2177	0.0	3	1989 156 22 10
82	2020	0.0	3	1845 142 22 11
83	1901	0.0	3	1729 147 15 10
84	2107	0.0	3	1957 121 15 14
85	1764	0.0	3	1603 127 20 14
86	1826	0.0	3	1654 140 24 8
87	1815	0.0	3	1626 140 31 18
88	1678	0.0	3	1526 134 12 6
89	1706	0.0	3	1556 116 20 14
90	1672	0.0	3	1501 142 21 8
91	1426	0.0	3	1288 108 15 15
92	1423	0.0	3	1280 113 17 13
93	1324	0.0	3	1198 91 18 17
94	1301	0.0	3	1183 88 23 7
95	1305	0.0	3	1163 117 19 6
96	1164	0.0	3	1032 104 17 11
97	1105	0.0	3	1003 81 17 4
98	1208	0.0	3	1085 90 20 13
99	1131	0.0	3	1040 75 11 5
100	1118	0.0	3	1009 76 25 8
101	1177	0.0	3	1097 61 14 5
102	841	0.0	3	764 59 13 5
103	787	0.0	3	733 36 13 5
104	782	0.0	3	745 27 6 4
105	736	0.0	3	673 41 11 11
106	715	0.0	3	668 30 8 9
107	693	0.0	3	640 39 10 4
108	681	0.0	3	629 39 7 6
109	723	0.0	3	654 43 17 9
110	618	0.0	3	547 56 9 6
111	634	0.0	3	581 33 12 8
112	419	0.0	3	379 27 12 1
113	471	0.0	3	413 40 10 8
114	474	0.0	3	418 45 6 5
115	325	0.0	3	273 37 9 6
116	385	0.0	3	332 39 8 6
117	420	0.0	3	380 31 6 3
118	278	0.0	3	243 24 8 3
119	426	0.0	3	383 23 10 10
120	348	0.0	3	312 29 4 3
121	337	0.0	3	290 35 5 7
122	306	0.0	3	271 14 11 10
123	285	0.0	3	245 28 7 5
124	177	0.0	3	148 16 8 5
125	130	0.0	3	104 17 6 3
126	141	0.0	3	126 9 3 3
127	81	0.0	3	70 6 3 2
128	82	0.0	3	66 10 4 2
129	144	0.0	3	130 9 4 1
130	74	0.0	3	54 14 3 3
131	37	0.0	3	30 6 0 1
132	35	0.0	3	24 8 1 2
133	21	0.0	3	12 6 3
134	21	0.0	3	12 6 1 2
135	49	0.0	3	18 9 9 13
136	28	0.0	3	13 9 3 3
137	22	0.0	3	15 5 1 1
138	20	0.0	3	16 2 0 2
139	36	0.0	3	18 15 3
140	14	0.0	3	12 2
141	16	0.0	3	4 12
142	32	0.0	3	19 8 3 2
143	19	0.0	3	3 14 2
144	17	0.0	3	5 8 2 2
145	10	0.0	3	1 9
146	36	0.0	3	31 5
147	13	0.0	3	9 2 1 1
148	8	0.0	3	6 1 0 1
149	5	0.0	3	3 2
150	95	0.0	3	39 47 8 1
151	1769384	0.0	3	81 1629986 131194 8123

=== Second read: Adapter 2 ===

Sequence: AGATCGGAAGAGCGTCGTGTAGGGAAAGAGTGT; Type: regular 3'; Length: 33; Trimmed: 3414546 times.

No. of allowed errors:
0-9 bp: 0; 10-19 bp: 1; 20-29 bp: 2; 30-33 bp: 3

Bases preceding removed adapters:
  A: 12.0%
  C: 17.2%
  G: 14.6%
  T: 4.9%
  none/other: 51.2%

Overview of removed sequences
length	count	expect	max.err	error counts
3	534541	483499.1	0	534541
4	129318	120874.8	0	129318
5	59640	30218.7	0	59640
6	34879	7554.7	0	34879
7	26739	1888.7	0	26739
8	24964	472.2	0	24964
9	26669	118.0	0	26217 452
10	24974	29.5	1	23383 1591
11	24929	7.4	1	23159 1770
12	24781	1.8	1	23626 1155
13	22586	0.5	1	21586 1000
14	22381	0.1	1	21429 952
15	23051	0.0	1	21524 1527
16	21829	0.0	1	20706 1123
17	21300	0.0	1	20246 1054
18	21535	0.0	1	19959 1563 13
19	19664	0.0	1	18544 1088 32
20	20117	0.0	2	18673 1038 406
21	19613	0.0	2	18116 1172 325
22	18637	0.0	2	17311 1049 277
23	19012	0.0	2	17640 1077 295
24	18435	0.0	2	16968 1128 339
25	17571	0.0	2	16151 1097 323
26	16914	0.0	2	15578 1066 270
27	16538	0.0	2	15160 1033 343 2
28	15924	0.0	2	14679 963 271 11
29	15484	0.0	2	14128 1047 293 16
30	15604	0.0	3	14077 1020 316 191
31	14133	0.0	3	12614 1119 257 143
32	14228	0.0	3	12949 918 237 124
33	14067	0.0	3	12755 917 268 127
34	13130	0.0	3	11865 922 240 103
35	13114	0.0	3	11828 908 237 141
36	12845	0.0	3	11538 942 221 144
37	11702	0.0	3	10560 837 202 103
38	11601	0.0	3	10484 797 193 127
39	11646	0.0	3	10526 793 210 117
40	10803	0.0	3	9815 683 193 112
41	11078	0.0	3	10017 763 194 104
42	10940	0.0	3	9859 727 236 118
43	9902	0.0	3	8872 750 162 118
44	9428	0.0	3	8578 630 134 86
45	9432	0.0	3	8537 623 163 109
46	8715	0.0	3	7934 583 133 65
47	8473	0.0	3	7665 581 141 86
48	8611	0.0	3	7719 620 160 112
49	8193	0.0	3	7433 546 128 86
50	7672	0.0	3	6942 513 137 80
51	7889	0.0	3	7152 522 136 79
52	7028	0.0	3	6413 455 101 59
53	7005	0.0	3	6347 492 112 54
54	6931	0.0	3	6267 476 118 70
55	6181	0.0	3	5597 438 86 60
56	6181	0.0	3	5634 382 87 78
57	5933	0.0	3	5432 357 90 54
58	5449	0.0	3	5008 333 71 37
59	5634	0.0	3	5152 341 90 51
60	5615	0.0	3	5089 367 92 67
61	4915	0.0	3	4422 382 71 40
62	4939	0.0	3	4473 334 78 54
63	4724	0.0	3	4314 271 80 59
64	4278	0.0	3	3851 309 76 42
65	4450	0.0	3	4059 284 61 46
66	4214	0.0	3	3829 283 57 45
67	3907	0.0	3	3546 258 65 38
68	3857	0.0	3	3505 249 62 41
69	4045	0.0	3	3675 257 75 38
70	3452	0.0	3	3130 220 60 42
71	3413	0.0	3	3106 207 55 45
72	3514	0.0	3	3128 253 83 50
73	3079	0.0	3	2810 174 51 44
74	3010	0.0	3	2710 201 54 45
75	3217	0.0	3	2954 169 50 44
76	2614	0.0	3	2386 145 42 41
77	2737	0.0	3	2485 163 43 46
78	2768	0.0	3	2501 172 59 36
79	2498	0.0	3	2257 142 57 42
80	2254	0.0	3	2032 133 51 38
81	2306	0.0	3	2104 109 51 42
82	2159	0.0	3	1950 124 51 34
83	2052	0.0	3	1836 122 56 38
84	2229	0.0	3	2027 118 44 40
85	1882	0.0	3	1705 113 33 31
86	1956	0.0	3	1759 120 44 33
87	1923	0.0	3	1715 131 39 38
88	1842	0.0	3	1605 139 47 51
89	1866	0.0	3	1666 119 50 31
90	1838	0.0	3	1621 134 48 35
91	1586	0.0	3	1392 120 42 32
92	1583	0.0	3	1385 118 47 33
93	1542	0.0	3	1317 116 67 42
94	1497	0.0	3	1303 111 49 34
95	1474	0.0	3	1293 103 47 31
96	1341	0.0	3	1172 88 33 48
97	1282	0.0	3	1107 83 47 45
98	1327	0.0	3	1163 91 39 34
99	1273	0.0	3	1129 82 32 30
100	1256	0.0	3	1096 90 42 28
101	1299	0.0	3	1145 89 39 26
102	964	0.0	3	835 74 37 18
103	918	0.0	3	782 64 41 31
104	918	0.0	3	800 68 25 25
105	862	0.0	3	746 60 29 27
106	841	0.0	3	736 45 33 27
107	817	0.0	3	717 58 23 19
108	858	0.0	3	717 80 35 26
109	863	0.0	3	729 69 37 28
110	796	0.0	3	644 79 36 37
111	775	0.0	3	648 54 39 34
112	556	0.0	3	440 59 30 27
113	612	0.0	3	493 59 24 36
114	639	0.0	3	517 59 33 30
115	438	0.0	3	348 40 28 22
116	519	0.0	3	425 39 31 24
117	549	0.0	3	464 32 24 29
118	380	0.0	3	307 29 21 23
119	572	0.0	3	469 41 28 34
120	480	0.0	3	386 48 21 25
121	438	0.0	3	356 38 23 21
122	411	0.0	3	327 46 21 17
123	392	0.0	3	309 46 19 18
124	266	0.0	3	207 24 10 25
125	203	0.0	3	139 33 18 13
126	227	0.0	3	167 28 9 23
127	143	0.0	3	97 17 15 14
128	131	0.0	3	90 22 10 9
129	198	0.0	3	148 22 12 16
130	104	0.0	3	80 11 9 4
131	60	0.0	3	43 7 7 3
132	58	0.0	3	38 10 4 6
133	39	0.0	3	17 6 11 5
134	24	0.0	3	17 2 2 3
135	28	0.0	3	15 10 2 1
136	16	0.0	3	5 6 2 3
137	29	0.0	3	14 6 4 5
138	24	0.0	3	13 6 1 4
139	45	0.0	3	37 4 0 4
140	19	0.0	3	11 5 1 2
141	14	0.0	3	7 3 1 3
142	33	0.0	3	24 4 2 3
143	17	0.0	3	12 2 2 1
144	18	0.0	3	13 3 0 2
145	12	0.0	3	9 2 1
146	39	0.0	3	32 4 0 3
147	15	0.0	3	9 3 1 2
148	8	0.0	3	3 5
149	5	0.0	3	0 3 1 1
150	72	0.0	3	2 45 21 4
151	1749515	0.0	3	86 1599241 138092 12096

	Command being timed: "cutadapt -a AGATCGGAAGAGCACACGTCTGAACTCCAGTCA -A AGATCGGAAGAGCGTCGTGTAGGGAAAGAGTGT -o RAL306W_plus_M3_S78_L006_R1_001_cutadapt.fastq.gz -p RAL306W_plus_M3_S78_L006_R2_001_cutadapt.fastq.gz /projects/bgmp/shared/2019_Drosphila_RNAseq/RAL306W_plus_M3_S78_L006_R1_001.fastq.gz /projects/bgmp/shared/2019_Drosphila_RNAseq/RAL306W_plus_M3_S78_L006_R2_001.fastq.gz -m 30"
	User time (seconds): 2259.45
	System time (seconds): 12.48
	Percent of CPU this job got: 99%
	Elapsed (wall clock) time (h:mm:ss or m:ss): 38:02.23
	Average shared text size (kbytes): 0
	Average unshared data size (kbytes): 0
	Average stack size (kbytes): 0
	Average total size (kbytes): 0
	Maximum resident set size (kbytes): 28760
	Average resident set size (kbytes): 0
	Major (requiring I/O) page faults: 0
	Minor (reclaiming a frame) page faults: 55776
	Voluntary context switches: 610183
	Involuntary context switches: 26834
	Swaps: 0
	File system inputs: 0
	File system outputs: 0
	Socket messages sent: 0
	Socket messages received: 0
	Signals delivered: 0
	Page size (bytes): 4096
	Exit status: 0
