
Currently Loaded Modules:
  1) slurm/18.08   2) intel/17   3) fastqc/0.11.5

 

Started analysis of stdin
	Command being timed: "zcat /projects/bgmp/shared/2019_Drosphila_RNAseq/RAL306W-F3_S79_L006_R1_001.fastq.gz"
	User time (seconds): 2.35
	System time (seconds): 0.13
	Percent of CPU this job got: 32%
	Elapsed (wall clock) time (h:mm:ss or m:ss): 0:07.64
	Average shared text size (kbytes): 0
	Average unshared data size (kbytes): 0
	Average stack size (kbytes): 0
	Average total size (kbytes): 0
	Maximum resident set size (kbytes): 1528
	Average resident set size (kbytes): 0
	Major (requiring I/O) page faults: 0
	Minor (reclaiming a frame) page faults: 681
	Voluntary context switches: 38416
	Involuntary context switches: 3
	Swaps: 0
	File system inputs: 0
	File system outputs: 0
	Socket messages sent: 0
	Socket messages received: 0
	Signals delivered: 0
	Page size (bytes): 4096
	Exit status: 0
Analysis complete for stdin
