forward: 7
reverse: 45409177
	Command being timed: "python parse_sam_strand.py -f aligned_RAL306W_plus_M3_S78_L006_rRNAAligned.out.sam"
	User time (seconds): 84.24
	System time (seconds): 9.08
	Percent of CPU this job got: 98%
	Elapsed (wall clock) time (h:mm:ss or m:ss): 1:34.73
	Average shared text size (kbytes): 0
	Average unshared data size (kbytes): 0
	Average stack size (kbytes): 0
	Average total size (kbytes): 0
	Maximum resident set size (kbytes): 10007688
	Average resident set size (kbytes): 0
	Major (requiring I/O) page faults: 0
	Minor (reclaiming a frame) page faults: 1262125
	Voluntary context switches: 3241
	Involuntary context switches: 52
	Swaps: 0
	File system inputs: 0
	File system outputs: 0
	Socket messages sent: 0
	Socket messages received: 0
	Signals delivered: 0
	Page size (bytes): 4096
	Exit status: 0
